#
# There is insufficient memory for the Java Runtime Environment to continue.
# Native memory allocation (malloc) failed to allocate 481136 bytes for Chunk::new
# Possible reasons:
#   The system is out of physical RAM or swap space
#   The process is running with CompressedOops enabled, and the Java Heap may be blocking the growth of the native heap
# Possible solutions:
#   Reduce memory load on the system
#   Increase physical memory or swap space
#   Check if swap backing store is full
#   Decrease Java heap size (-Xmx/-Xms)
#   Decrease number of Java threads
#   Decrease Java thread stack sizes (-Xss)
#   Set larger code cache with -XX:ReservedCodeCacheSize=
#   JVM is running with Unscaled Compressed Oops mode in which the Java heap is
#     placed in the first 4GB address space. The Java Heap base address is the
#     maximum limit for the native heap growth. Please use -XX:HeapBaseMinAddress
#     to set the Java Heap base and to place the Java Heap above 4GB virtual address.
# This output file may be truncated or incomplete.
#
#  Out of Memory Error (allocation.cpp:390), pid=110804, tid=0x000000000001b4f8
#
# JRE version: Java(TM) SE Runtime Environment (8.0_201-b09) (build 1.8.0_201-b09)
# Java VM: Java HotSpot(TM) 64-Bit Server VM (25.201-b09 mixed mode windows-amd64 compressed oops)
# Failed to write core dump. Minidumps are not enabled by default on client versions of Windows
#

---------------  T H R E A D  ---------------

Current thread (0x0000000015d15800):  JavaThread "C2 CompilerThread1" daemon [_thread_in_native, id=111864, stack(0x00000000167f0000,0x00000000168f0000)]

Stack: [0x00000000167f0000,0x00000000168f0000]
[error occurred during error reporting (printing stack bounds), id 0xc0000005]

Native frames: (J=compiled Java code, j=interpreted, Vv=VM code, C=native code)


Current CompileTask:
C2:   6868 4091   !   4       java.util.zip.ZipFile::getInputStream (304 bytes)


---------------  P R O C E S S  ---------------

Java Threads: ( => current thread )
  0x000000001cdb7800 JavaThread "localhost-startStop-1" daemon [_thread_in_native, id=86548, stack(0x000000001b000000,0x000000001b100000)]
  0x000000001cdb8000 JavaThread "Tomcat-startStop-1" daemon [_thread_blocked, id=115112, stack(0x000000001ad00000,0x000000001ae00000)]
  0x0000000015dbc000 JavaThread "Service Thread" daemon [_thread_blocked, id=65568, stack(0x0000000016af0000,0x0000000016bf0000)]
  0x0000000015d21800 JavaThread "C1 CompilerThread3" daemon [_thread_blocked, id=108084, stack(0x00000000169f0000,0x0000000016af0000)]
  0x0000000015d20800 JavaThread "C2 CompilerThread2" daemon [_thread_in_native, id=106668, stack(0x00000000168f0000,0x00000000169f0000)]
=>0x0000000015d15800 JavaThread "C2 CompilerThread1" daemon [_thread_in_native, id=111864, stack(0x00000000167f0000,0x00000000168f0000)]
  0x0000000015d10800 JavaThread "C2 CompilerThread0" daemon [_thread_blocked, id=115148, stack(0x00000000166f0000,0x00000000167f0000)]
  0x0000000015c43800 JavaThread "JDWP Command Reader" daemon [_thread_in_native, id=117168, stack(0x00000000165f0000,0x00000000166f0000)]
  0x0000000015c39000 JavaThread "JDWP Event Helper Thread" daemon [_thread_blocked, id=115796, stack(0x00000000164f0000,0x00000000165f0000)]
  0x0000000015c2a800 JavaThread "JDWP Transport Listener: dt_socket" daemon [_thread_blocked, id=113308, stack(0x00000000163f0000,0x00000000164f0000)]
  0x0000000015c1e800 JavaThread "Attach Listener" daemon [_thread_blocked, id=115228, stack(0x00000000162f0000,0x00000000163f0000)]
  0x0000000015bce000 JavaThread "Signal Dispatcher" daemon [_thread_blocked, id=83276, stack(0x00000000161f0000,0x00000000162f0000)]
  0x0000000015bb0800 JavaThread "Finalizer" daemon [_thread_blocked, id=94908, stack(0x0000000016090000,0x0000000016190000)]
  0x0000000013d9c800 JavaThread "Reference Handler" daemon [_thread_blocked, id=114932, stack(0x0000000015f90000,0x0000000016090000)]
  0x0000000002cf3000 JavaThread "main" [_thread_blocked, id=91284, stack(0x0000000002970000,0x0000000002a70000)]

Other Threads:
  0x0000000013d97800 VMThread [stack: 0x0000000015a90000,0x0000000015b90000] [id=114084]
  0x0000000015e69800 WatcherThread [stack: 0x0000000016bf0000,0x0000000016cf0000] [id=107104]

VM state:not at safepoint (normal execution)

VM Mutex/Monitor currently owned by a thread: None

heap address: 0x00000000ed400000, size: 300 MB, Compressed Oops mode: 32-bit
Narrow klass base: 0x0000000000000000, Narrow klass shift: 3
Compressed class space size: 1073741824 Address: 0x0000000100000000

Heap:
 PSYoungGen      total 65024K, used 46588K [0x00000000f9c00000, 0x00000000ffd80000, 0x0000000100000000)
  eden space 50688K, 73% used [0x00000000f9c00000,0x00000000fc073bd0,0x00000000fcd80000)
  from space 14336K, 64% used [0x00000000fcd80000,0x00000000fd68b450,0x00000000fdb80000)
  to   space 14336K, 0% used [0x00000000fdb80000,0x00000000fdb80000,0x00000000fe980000)
 ParOldGen       total 136704K, used 14973K [0x00000000ed400000, 0x00000000f5980000, 0x00000000f9c00000)
  object space 136704K, 10% used [0x00000000ed400000,0x00000000ee29f5a0,0x00000000f5980000)
 Metaspace       used 24124K, capacity 24710K, committed 24960K, reserved 1071104K
  class space    used 2781K, capacity 2936K, committed 2944K, reserved 1048576K

Card table byte_map: [0x0000000002c10000,0x0000000002cb0000] byte_map_base: 0x00000000024a6000

Marking Bits: (ParMarkBitMap*) 0x0000000075234ce0
 Begin Bits: [0x00000000129b0000, 0x0000000012e60000)
 End Bits:   [0x0000000012e60000, 0x0000000013310000)

Polling page: 0x0000000000810000

CodeCache: size=245760Kb used=12999Kb max_used=13724Kb free=232761Kb
 bounds [0x0000000002df0000, 0x0000000003b80000, 0x0000000011df0000]
 total_blobs=3932 nmethods=3544 adapters=308
 compilation: enabled

Compilation events (10 events):
Event: 6.839 Thread 0x0000000015d20800 4096       4       java.util.HashMap$HashIterator::<init> (79 bytes)
Event: 6.843 Thread 0x0000000015d20800 nmethod 4096 0x0000000003221e10 code [0x0000000003221f60, 0x0000000003222258]
Event: 6.843 Thread 0x0000000015d20800 4097   !   4       java.util.zip.ZipFile::getInflater (56 bytes)
Event: 6.844 Thread 0x0000000015d10800 nmethod 4092 0x0000000002f23e50 code [0x0000000002f23fe0, 0x0000000002f24a58]
Event: 6.847 Thread 0x0000000015d21800 4098       3       org.apache.tomcat.util.bcel.classfile.ElementValue::<init> (15 bytes)
Event: 6.847 Thread 0x0000000015d21800 nmethod 4098 0x0000000002ff0b10 code [0x0000000002ff0c60, 0x0000000002ff0e30]
Event: 6.848 Thread 0x0000000015d20800 nmethod 4097 0x0000000003851f10 code [0x00000000038520a0, 0x00000000038529c8]
Event: 6.850 Thread 0x0000000015d10800 4099       4       java.util.zip.InflaterInputStream::<init> (79 bytes)
Event: 6.852 Thread 0x0000000015d10800 nmethod 4099 0x000000000343ee90 code [0x000000000343efe0, 0x000000000343f318]
Event: 6.855 Thread 0x0000000015d20800 4100  s    4       java.util.jar.JarFile::getInputStream (89 bytes)

GC Heap History (10 events):
Event: 4.590 GC heap before
{Heap before GC invocations=4 (full 0):
 PSYoungGen      total 59904K, used 59898K [0x00000000f9c00000, 0x00000000fde80000, 0x0000000100000000)
  eden space 51712K, 100% used [0x00000000f9c00000,0x00000000fce80000,0x00000000fce80000)
  from space 8192K, 99% used [0x00000000fce80000,0x00000000fd67e830,0x00000000fd680000)
  to   space 8192K, 0% used [0x00000000fd680000,0x00000000fd680000,0x00000000fde80000)
 ParOldGen       total 136704K, used 2556K [0x00000000ed400000, 0x00000000f5980000, 0x00000000f9c00000)
  object space 136704K, 1% used [0x00000000ed400000,0x00000000ed67f0b0,0x00000000f5980000)
 Metaspace       used 17360K, capacity 17816K, committed 18048K, reserved 1064960K
  class space    used 2019K, capacity 2128K, committed 2176K, reserved 1048576K
Event: 4.597 GC heap after
Heap after GC invocations=4 (full 0):
 PSYoungGen      total 59904K, used 8185K [0x00000000f9c00000, 0x00000000fde80000, 0x0000000100000000)
  eden space 51712K, 0% used [0x00000000f9c00000,0x00000000f9c00000,0x00000000fce80000)
  from space 8192K, 99% used [0x00000000fd680000,0x00000000fde7e430,0x00000000fde80000)
  to   space 8192K, 0% used [0x00000000fce80000,0x00000000fce80000,0x00000000fd680000)
 ParOldGen       total 136704K, used 5849K [0x00000000ed400000, 0x00000000f5980000, 0x00000000f9c00000)
  object space 136704K, 4% used [0x00000000ed400000,0x00000000ed9b6618,0x00000000f5980000)
 Metaspace       used 17360K, capacity 17816K, committed 18048K, reserved 1064960K
  class space    used 2019K, capacity 2128K, committed 2176K, reserved 1048576K
}
Event: 5.235 GC heap before
{Heap before GC invocations=5 (full 0):
 PSYoungGen      total 59904K, used 55504K [0x00000000f9c00000, 0x00000000fde80000, 0x0000000100000000)
  eden space 51712K, 91% used [0x00000000f9c00000,0x00000000fca35d38,0x00000000fce80000)
  from space 8192K, 99% used [0x00000000fd680000,0x00000000fde7e430,0x00000000fde80000)
  to   space 8192K, 0% used [0x00000000fce80000,0x00000000fce80000,0x00000000fd680000)
 ParOldGen       total 136704K, used 5849K [0x00000000ed400000, 0x00000000f5980000, 0x00000000f9c00000)
  object space 136704K, 4% used [0x00000000ed400000,0x00000000ed9b6618,0x00000000f5980000)
 Metaspace       used 20566K, capacity 21090K, committed 21296K, reserved 1069056K
  class space    used 2395K, capacity 2561K, committed 2688K, reserved 1048576K
Event: 5.243 GC heap after
Heap after GC invocations=5 (full 0):
 PSYoungGen      total 58880K, used 8185K [0x00000000f9c00000, 0x00000000fe980000, 0x0000000100000000)
  eden space 50688K, 0% used [0x00000000f9c00000,0x00000000f9c00000,0x00000000fcd80000)
  from space 8192K, 99% used [0x00000000fce80000,0x00000000fd67e430,0x00000000fd680000)
  to   space 14336K, 0% used [0x00000000fdb80000,0x00000000fdb80000,0x00000000fe980000)
 ParOldGen       total 136704K, used 10111K [0x00000000ed400000, 0x00000000f5980000, 0x00000000f9c00000)
  object space 136704K, 7% used [0x00000000ed400000,0x00000000edddfe00,0x00000000f5980000)
 Metaspace       used 20566K, capacity 21090K, committed 21296K, reserved 1069056K
  class space    used 2395K, capacity 2561K, committed 2688K, reserved 1048576K
}
Event: 5.243 GC heap before
{Heap before GC invocations=6 (full 1):
 PSYoungGen      total 58880K, used 8185K [0x00000000f9c00000, 0x00000000fe980000, 0x0000000100000000)
  eden space 50688K, 0% used [0x00000000f9c00000,0x00000000f9c00000,0x00000000fcd80000)
  from space 8192K, 99% used [0x00000000fce80000,0x00000000fd67e430,0x00000000fd680000)
  to   space 14336K, 0% used [0x00000000fdb80000,0x00000000fdb80000,0x00000000fe980000)
 ParOldGen       total 136704K, used 10111K [0x00000000ed400000, 0x00000000f5980000, 0x00000000f9c00000)
  object space 136704K, 7% used [0x00000000ed400000,0x00000000edddfe00,0x00000000f5980000)
 Metaspace       used 20566K, capacity 21090K, committed 21296K, reserved 1069056K
  class space    used 2395K, capacity 2561K, committed 2688K, reserved 1048576K
Event: 5.297 GC heap after
Heap after GC invocations=6 (full 1):
 PSYoungGen      total 58880K, used 0K [0x00000000f9c00000, 0x00000000fe980000, 0x0000000100000000)
  eden space 50688K, 0% used [0x00000000f9c00000,0x00000000f9c00000,0x00000000fcd80000)
  from space 8192K, 0% used [0x00000000fce80000,0x00000000fce80000,0x00000000fd680000)
  to   space 14336K, 0% used [0x00000000fdb80000,0x00000000fdb80000,0x00000000fe980000)
 ParOldGen       total 136704K, used 14893K [0x00000000ed400000, 0x00000000f5980000, 0x00000000f9c00000)
  object space 136704K, 10% used [0x00000000ed400000,0x00000000ee28b590,0x00000000f5980000)
 Metaspace       used 20566K, capacity 21090K, committed 21296K, reserved 1069056K
  class space    used 2395K, capacity 2561K, committed 2688K, reserved 1048576K
}
Event: 6.642 GC heap before
{Heap before GC invocations=7 (full 1):
 PSYoungGen      total 58880K, used 50688K [0x00000000f9c00000, 0x00000000fe980000, 0x0000000100000000)
  eden space 50688K, 100% used [0x00000000f9c00000,0x00000000fcd80000,0x00000000fcd80000)
  from space 8192K, 0% used [0x00000000fce80000,0x00000000fce80000,0x00000000fd680000)
  to   space 14336K, 0% used [0x00000000fdb80000,0x00000000fdb80000,0x00000000fe980000)
 ParOldGen       total 136704K, used 14893K [0x00000000ed400000, 0x00000000f5980000, 0x00000000f9c00000)
  object space 136704K, 10% used [0x00000000ed400000,0x00000000ee28b590,0x00000000f5980000)
 Metaspace       used 24077K, capacity 24710K, committed 24960K, reserved 1071104K
  class space    used 2781K, capacity 2936K, committed 2944K, reserved 1048576K
Event: 6.648 GC heap after
Heap after GC invocations=7 (full 1):
 PSYoungGen      total 65024K, used 6554K [0x00000000f9c00000, 0x00000000ffd80000, 0x0000000100000000)
  eden space 50688K, 0% used [0x00000000f9c00000,0x00000000f9c00000,0x00000000fcd80000)
  from space 14336K, 45% used [0x00000000fdb80000,0x00000000fe1e68b0,0x00000000fe980000)
  to   space 14336K, 0% used [0x00000000fcd80000,0x00000000fcd80000,0x00000000fdb80000)
 ParOldGen       total 136704K, used 14965K [0x00000000ed400000, 0x00000000f5980000, 0x00000000f9c00000)
  object space 136704K, 10% used [0x00000000ed400000,0x00000000ee29d5a0,0x00000000f5980000)
 Metaspace       used 24077K, capacity 24710K, committed 24960K, reserved 1071104K
  class space    used 2781K, capacity 2936K, committed 2944K, reserved 1048576K
}
Event: 6.780 GC heap before
{Heap before GC invocations=8 (full 1):
 PSYoungGen      total 65024K, used 57242K [0x00000000f9c00000, 0x00000000ffd80000, 0x0000000100000000)
  eden space 50688K, 100% used [0x00000000f9c00000,0x00000000fcd80000,0x00000000fcd80000)
  from space 14336K, 45% used [0x00000000fdb80000,0x00000000fe1e68b0,0x00000000fe980000)
  to   space 14336K, 0% used [0x00000000fcd80000,0x00000000fcd80000,0x00000000fdb80000)
 ParOldGen       total 136704K, used 14965K [0x00000000ed400000, 0x00000000f5980000, 0x00000000f9c00000)
  object space 136704K, 10% used [0x00000000ed400000,0x00000000ee29d5a0,0x00000000f5980000)
 Metaspace       used 24116K, capacity 24710K, committed 24960K, reserved 1071104K
  class space    used 2781K, capacity 2936K, committed 2944K, reserved 1048576K
Event: 6.784 GC heap after
Heap after GC invocations=8 (full 1):
 PSYoungGen      total 65024K, used 9261K [0x00000000f9c00000, 0x00000000ffd80000, 0x0000000100000000)
  eden space 50688K, 0% used [0x00000000f9c00000,0x00000000f9c00000,0x00000000fcd80000)
  from space 14336K, 64% used [0x00000000fcd80000,0x00000000fd68b450,0x00000000fdb80000)
  to   space 14336K, 0% used [0x00000000fdb80000,0x00000000fdb80000,0x00000000fe980000)
 ParOldGen       total 136704K, used 14973K [0x00000000ed400000, 0x00000000f5980000, 0x00000000f9c00000)
  object space 136704K, 10% used [0x00000000ed400000,0x00000000ee29f5a0,0x00000000f5980000)
 Metaspace       used 24116K, capacity 24710K, committed 24960K, reserved 1071104K
  class space    used 2781K, capacity 2936K, committed 2944K, reserved 1048576K
}

Deoptimization events (10 events):
Event: 6.454 Thread 0x000000001cdb7800 Uncommon trap: reason=unstable_if action=reinterpret pc=0x00000000033a125c method=com.sun.org.apache.xerces.internal.impl.XMLEntityScanner.checkBeforeLoad(Lcom/sun/xml/internal/stream/Entity$ScannedEntity;II)I @ 18
Event: 6.464 Thread 0x000000001cdb7800 Uncommon trap: reason=speculate_class_check action=maybe_recompile pc=0x0000000003966740 method=java.nio.charset.CharsetDecoder.reset()Ljava/nio/charset/CharsetDecoder; @ 1
Event: 6.484 Thread 0x000000001cdb7800 Uncommon trap: reason=speculate_class_check action=maybe_recompile pc=0x0000000003966740 method=java.nio.charset.CharsetDecoder.reset()Ljava/nio/charset/CharsetDecoder; @ 1
Event: 6.508 Thread 0x000000001cdb7800 Uncommon trap: reason=unstable_if action=reinterpret pc=0x0000000003816324 method=java.util.concurrent.ConcurrentHashMap.replaceNode(Ljava/lang/Object;Ljava/lang/Object;Ljava/lang/Object;)Ljava/lang/Object; @ 47
Event: 6.517 Thread 0x000000001cdb7800 Uncommon trap: reason=bimorphic action=maybe_recompile pc=0x0000000003846de4 method=java.util.LinkedHashMap.afterNodeInsertion(Z)V @ 15
Event: 6.520 Thread 0x000000001cdb7800 Uncommon trap: reason=bimorphic action=maybe_recompile pc=0x0000000003846de4 method=java.util.LinkedHashMap.afterNodeInsertion(Z)V @ 15
Event: 6.691 Thread 0x000000001cdb7800 Uncommon trap: reason=unstable_if action=reinterpret pc=0x0000000003addbf0 method=java.io.DataInputStream.readUTF(Ljava/io/DataInput;)Ljava/lang/String; @ 112
Event: 6.761 Thread 0x000000001cdb7800 Uncommon trap: reason=unloaded action=reinterpret pc=0x0000000003b1c2b4 method=org.apache.tomcat.util.bcel.classfile.Attribute.readAttribute(Ljava/io/DataInputStream;Lorg/apache/tomcat/util/bcel/classfile/ConstantPool;)Lorg/apache/tomcat/util/bcel/classfi
Event: 6.770 Thread 0x000000001cdb7800 Uncommon trap: reason=unstable_if action=reinterpret pc=0x0000000003a453ac method=org.codehaus.plexus.classworlds.realm.Entry.matches(Ljava/lang/String;)Z @ 209
Event: 6.790 Thread 0x000000001cdb7800 Uncommon trap: reason=unstable_if action=reinterpret pc=0x0000000003b612f8 method=org.apache.tomcat.util.bcel.classfile.StackMapTableEntry.<init>(Ljava/io/DataInputStream;Lorg/apache/tomcat/util/bcel/classfile/ConstantPool;)V @ 109

Classes redefined (0 events):
No events

Internal exceptions (10 events):
Event: 1.597 Thread 0x0000000002cf3000 Implicit null exception at 0x00000000031b8154 to 0x00000000031b83d1
Event: 1.597 Thread 0x0000000002cf3000 Implicit null exception at 0x00000000031a192f to 0x00000000031a199d
Event: 1.634 Thread 0x0000000002cf3000 Implicit null exception at 0x000000000328fcfe to 0x00000000032904e1
Event: 2.979 Thread 0x0000000002cf3000 Implicit null exception at 0x00000000036af8b9 to 0x00000000036b13f9
Event: 4.407 Thread 0x0000000002cf3000 Implicit null exception at 0x00000000037fb1b3 to 0x00000000037fce1a
Event: 5.060 Thread 0x0000000002cf3000 Exception <a 'java/io/FileNotFoundException'> (0x00000000fbce2508) thrown at [C:\re\workspace\8-2-build-windows-amd64-cygwin\jdk8u201\12322\hotspot\src\share\vm\prims\jni.cpp, line 709]
Event: 5.511 Thread 0x0000000002cf3000 Exception <a 'java/net/BindException': Address already in use: JVM_Bind> (0x00000000fa865458) thrown at [C:\re\workspace\8-2-build-windows-amd64-cygwin\jdk8u201\12322\hotspot\src\share\vm\prims\jni.cpp, line 735]
Event: 6.420 Thread 0x000000001cdb7800 Implicit null exception at 0x00000000030551d9 to 0x00000000030556c1
Event: 6.420 Thread 0x000000001cdb7800 Implicit null exception at 0x0000000002ff3c96 to 0x0000000002ff413d
Event: 6.508 Thread 0x000000001cdb7800 Implicit null exception at 0x0000000003815c55 to 0x00000000038162e1

Events (10 events):
Event: 6.810 Thread 0x0000000015d21800 flushing nmethod 0x0000000003933390
Event: 6.810 Thread 0x0000000015d21800 flushing nmethod 0x000000000395bd50
Event: 6.814 Thread 0x0000000015d10800 flushing nmethod 0x0000000003985f50
Event: 6.814 Thread 0x0000000015d10800 flushing nmethod 0x00000000039b12d0
Event: 6.814 Thread 0x0000000015d10800 flushing nmethod 0x00000000039d6f10
Event: 6.814 Thread 0x0000000015d10800 flushing nmethod 0x00000000039d7f90
Event: 6.814 Thread 0x0000000015d10800 flushing nmethod 0x00000000039d8fd0
Event: 6.814 Thread 0x0000000015d10800 flushing nmethod 0x00000000039da050
Event: 6.814 Thread 0x0000000015d10800 flushing nmethod 0x00000000039db0d0
Event: 6.814 Thread 0x0000000015d10800 flushing nmethod 0x0000000003a35ad0


Dynamic libraries:
0x00007ff603f00000 - 0x00007ff603f37000 	D:\develop\Java\jdk1.8\bin\java.exe
0x00007ffebbb40000 - 0x00007ffebbd1b000 	C:\Windows\SYSTEM32\ntdll.dll
0x00007ffebb940000 - 0x00007ffebb9ee000 	C:\Windows\System32\KERNEL32.DLL
0x00007ffeb82d0000 - 0x00007ffeb851a000 	C:\Windows\System32\KERNELBASE.dll
0x00007ffeb96d0000 - 0x00007ffeb9771000 	C:\Windows\System32\ADVAPI32.dll
0x00007ffeb9f60000 - 0x00007ffeb9ffd000 	C:\Windows\System32\msvcrt.dll
0x00007ffeba000000 - 0x00007ffeba059000 	C:\Windows\System32\sechost.dll
0x00007ffeb9100000 - 0x00007ffeb9225000 	C:\Windows\System32\RPCRT4.dll
0x00007ffebb9f0000 - 0x00007ffebbb3a000 	C:\Windows\System32\USER32.dll
0x00007ffeb8770000 - 0x00007ffeb878e000 	C:\Windows\System32\win32u.dll
0x00007ffeba060000 - 0x00007ffeba087000 	C:\Windows\System32\GDI32.dll
0x00007ffeb8590000 - 0x00007ffeb8718000 	C:\Windows\System32\gdi32full.dll
0x00007ffeb8230000 - 0x00007ffeb82ca000 	C:\Windows\System32\msvcp_win.dll
0x00007ffeb8fa0000 - 0x00007ffeb9096000 	C:\Windows\System32\ucrtbase.dll
0x00007ffeadfb0000 - 0x00007ffeae217000 	C:\Windows\WinSxS\amd64_microsoft.windows.common-controls_6595b64144ccf1df_6.0.15063.1155_none_40c7922129a7722b\COMCTL32.dll
0x00007ffeb97a0000 - 0x00007ffeb9a99000 	C:\Windows\System32\combase.dll
0x00007ffeb8520000 - 0x00007ffeb858a000 	C:\Windows\System32\bcryptPrimitives.dll
0x00007ffeb9340000 - 0x00007ffeb936d000 	C:\Windows\System32\IMM32.DLL
0x00000000752c0000 - 0x0000000075391000 	D:\develop\Java\jdk1.8\jre\bin\msvcr100.dll
0x0000000074a10000 - 0x00000000752b4000 	D:\develop\Java\jdk1.8\jre\bin\server\jvm.dll
0x00007ffeb93f0000 - 0x00007ffeb93f8000 	C:\Windows\System32\PSAPI.DLL
0x00007ffeae220000 - 0x00007ffeae22a000 	C:\Windows\SYSTEM32\VERSION.dll
0x00007ffeae480000 - 0x00007ffeae4a3000 	C:\Windows\SYSTEM32\WINMM.dll
0x00007ffea9fa0000 - 0x00007ffea9fa9000 	C:\Windows\SYSTEM32\WSOCK32.dll
0x00007ffebb680000 - 0x00007ffebb6ec000 	C:\Windows\System32\WS2_32.dll
0x00007ffeae450000 - 0x00007ffeae47b000 	C:\Windows\SYSTEM32\winmmbase.dll
0x00007ffeb8720000 - 0x00007ffeb8769000 	C:\Windows\System32\cfgmgr32.dll
0x00007ffeb4820000 - 0x00007ffeb482f000 	D:\develop\Java\jdk1.8\jre\bin\verify.dll
0x00007ffea3f90000 - 0x00007ffea3fb9000 	D:\develop\Java\jdk1.8\jre\bin\java.dll
0x00007ffeaeef0000 - 0x00007ffeaef25000 	D:\develop\Java\jdk1.8\jre\bin\jdwp.dll
0x00007ffeb5300000 - 0x00007ffeb5308000 	D:\develop\Java\jdk1.8\jre\bin\npt.dll
0x00007ffeaeec0000 - 0x00007ffeaeee3000 	D:\develop\Java\jdk1.8\jre\bin\instrument.dll
0x00007ffea1310000 - 0x00007ffea1326000 	D:\develop\Java\jdk1.8\jre\bin\zip.dll
0x00007ffeba1e0000 - 0x00007ffebb618000 	C:\Windows\System32\SHELL32.dll
0x00007ffebb890000 - 0x00007ffebb93a000 	C:\Windows\System32\shcore.dll
0x00007ffeb88a0000 - 0x00007ffeb8f91000 	C:\Windows\System32\windows.storage.dll
0x00007ffebb620000 - 0x00007ffebb671000 	C:\Windows\System32\shlwapi.dll
0x00007ffeb7ff0000 - 0x00007ffeb8001000 	C:\Windows\System32\kernel.appcore.dll
0x00007ffeb8010000 - 0x00007ffeb805c000 	C:\Windows\System32\powrprof.dll
0x00007ffeb7fd0000 - 0x00007ffeb7fe5000 	C:\Windows\System32\profapi.dll
0x00007ffeb4940000 - 0x00007ffeb4949000 	D:\develop\Java\jdk1.8\jre\bin\dt_socket.dll
0x00007ffeb78c0000 - 0x00007ffeb791c000 	C:\Windows\system32\mswsock.dll
0x00007ffeb7a60000 - 0x00007ffeb7a77000 	C:\Windows\SYSTEM32\CRYPTSP.dll
0x00007ffeb74d0000 - 0x00007ffeb7504000 	C:\Windows\system32\rsaenh.dll
0x00007ffeb7b70000 - 0x00007ffeb7b95000 	C:\Windows\SYSTEM32\bcrypt.dll
0x00007ffeb7ee0000 - 0x00007ffeb7f09000 	C:\Windows\SYSTEM32\USERENV.dll
0x00007ffeb7a80000 - 0x00007ffeb7a8b000 	C:\Windows\SYSTEM32\CRYPTBASE.dll
0x00007ffea0f80000 - 0x00007ffea0f9a000 	D:\develop\Java\jdk1.8\jre\bin\net.dll
0x00007ffeaa860000 - 0x00007ffeaaa27000 	C:\Windows\SYSTEM32\urlmon.dll
0x00007ffeaa5c0000 - 0x00007ffeaa855000 	C:\Windows\SYSTEM32\iertutil.dll
0x00007ffeb7660000 - 0x00007ffeb7697000 	C:\Windows\SYSTEM32\IPHLPAPI.DLL
0x00007ffeb9ab0000 - 0x00007ffeb9ab8000 	C:\Windows\System32\NSI.dll
0x00007ffeb2440000 - 0x00007ffeb2456000 	C:\Windows\SYSTEM32\dhcpcsvc6.DLL
0x00007ffeb2420000 - 0x00007ffeb243a000 	C:\Windows\SYSTEM32\dhcpcsvc.DLL
0x00007ffea0f60000 - 0x00007ffea0f71000 	D:\develop\Java\jdk1.8\jre\bin\nio.dll
0x00007ffeb3f60000 - 0x00007ffeb3f6d000 	D:\develop\Java\jdk1.8\jre\bin\management.dll

VM Arguments:
jvm_args: -agentlib:jdwp=transport=dt_socket,address=127.0.0.1:49389,suspend=y,server=n -Dmaven.multiModuleProjectDirectory=D:\develop\workspace\pinyougou-parent\pinyougou-content-service -Dfile.encoding=GB2312 -Xms200m -Xmx300m -Dmaven.home=D:\develop\IntelliJ IDEA 2018.3.4\plugins\maven\lib\maven3 -Dclassworlds.conf=D:\develop\IntelliJ IDEA 2018.3.4\plugins\maven\lib\maven3\bin\m2.conf -javaagent:C:\Users\89242\.IntelliJIdea2018.3\system\captureAgent\debugger-agent.jar 
java_command: org.codehaus.classworlds.Launcher -Didea.version=2018.3.4 -s D:\develop\apache-maven-3.5.2\conf\settings.xml tomcat7:run -DforkMode=never -DforkCount=0 -DreuseForks=false
java_class_path (initial): D:\develop\IntelliJ IDEA 2018.3.4\plugins\maven\lib\maven3\boot\plexus-classworlds-2.5.2.jar;D:\develop\IntelliJ IDEA 2018.3.4\lib\idea_rt.jar;C:\Users\89242\.IntelliJIdea2018.3\system\captureAgent\debugger-agent.jar
Launcher Type: SUN_STANDARD

Environment Variables:
JAVA_HOME=D:\develop\Java\jdk1.8
PATH=D:\develop\apache-maven-3.5.2\bin;C:\Program Files (x86)\Common Files\Oracle\Java\javapath;C:\Program Files (x86)\Intel\iCLS Client\;C:\Program Files\Intel\iCLS Client\;C:\Windows\system32;C:\Windows;C:\Windows\System32\Wbem;C:\Windows\System32\WindowsPowerShell\v1.0\;C:\Program Files (x86)\Intel\Intel(R) Management Engine Components\DAL;C:\Program Files\Intel\Intel(R) Management Engine Components\DAL;C:\Program Files (x86)\Intel\Intel(R) Management Engine Components\IPT;C:\Program Files\Intel\Intel(R) Management Engine Components\IPT;C:\Program Files (x86)\NVIDIA Corporation\PhysX\Common;C:\Program Files\Intel\WiFi\bin\;C:\Program Files\Common Files\Intel\WirelessCommon\;D:\develop\Java\jdk1.8\bin;D:\develop\mysql\bin;D:\develop\Git\cmd;D:\develop\TortoiiseGit\bin;C:\Users\89242\AppData\Local\Microsoft\WindowsApps;;D:\develop\IntelliJ IDEA 2018.3.4\bin;
USERNAME=89242
OS=Windows_NT
PROCESSOR_IDENTIFIER=Intel64 Family 6 Model 142 Stepping 10, GenuineIntel



---------------  S Y S T E M  ---------------

OS: Windows 10.0 , 64 bit Build 15063 (10.0.15063.1058)

CPU:total 8 (initial active 8) (4 cores per cpu, 2 threads per core) family 6 model 142 stepping 10, cmov, cx8, fxsr, mmx, sse, sse2, sse3, ssse3, sse4.1, sse4.2, popcnt, avx, avx2, aes, clmul, erms, 3dnowpref, lzcnt, ht, tsc, tscinvbit, bmi1, bmi2, adx

Memory: 4k page, physical 8269924k(836264k free), swap 20471264k(5712k free)

vm_info: Java HotSpot(TM) 64-Bit Server VM (25.201-b09) for windows-amd64 JRE (1.8.0_201-b09), built on Dec 15 2018 18:36:39 by "java_re" with MS VC++ 10.0 (VS2010)

time: Sat Jul 27 20:20:08 2019
timezone: 中国标准时间
elapsed time: 6 seconds (0d 0h 0m 6s)

